

  Cadence Quantus Extraction - 64-bit Parasitic Extractor - Version
18.2.0-p078 Sun Sep 30 08:14:52 PDT 2018
---------------------------------------------------------------------------------------------------------------
                                  Copyright 2018 Cadence Design Systems,
Inc.


WARNING (EXTQRCXOPT-440) : For "extracted_view" output the option output_db -cdl_out_map_directory
<name> is not specified. There could be issues with parasitic cross probing
flow if CDL Out Run Dir is not used in the run.


INFO (EXTQRCXOPT-243) : For Assura inputs, if the "output_setup -directory_name" option was not
specified, it is automatically set to the input directory.
INFO (LBRCXU-108): Starting

 /mnt/software/cadence/installs/ASSURA-617/tools.lnx86/assura/bin/rcxToDfII /mnt/home/AD/armin.ekic/virtuoso/MemArray_lvs/LVS_RUN_SenseAmp/__qrc.rcx_cmd -t -f /mnt/home/AD/armin.ekic/virtuoso/MemArray_lvs/LVS_RUN_SenseAmp/extview.tmp -w /mnt/home/AD/armin.ekic/virtuoso/MemArray_lvs/LVS_RUN_SenseAmp
Virtuoso Framework License (111) was checked out successfully. Total checkout time was 0.11s.
@(#)$CDS: rcxToDfII_64 version av4.1:Production:dfII6.1.7-64b:IC6.1.7-64b.78 03/22/2016 21:54 (sjfnl623) $
sub-version 4.1_USR5_HF2, integ signature 2016-03-22-2131

run on ece121207504l from /mnt/software/cadence/installs/ASSURA-617/tools.lnx86/assura/bin/64bit/rcxToDfII on Sun Apr 25 13:33:34 2021


Loading tech rule set file : /mnt/software/cadence/installs/GPDK045/gpdk045_v_5_0/assura/techRuleSets
Loading gpdk045/libInit.il ...
	Loading gpdk045/loadCxt.ile ... done!
	Loading context 'gpdk045' from library 'gpdk045' ... done!
	Loading context 'pdkUtils' from library 'gpdk045' ... done!
	Loading gpdk045/gpdk045_customFilter.il ... done!
	Loading gpdk045/libInitCustomExit.il ... 
	Loading Environment Settings ...
	Loading gpdk045/gpdk045_PDKRegistrations.il ... done!

  *************************************************************           
  *              Cadence Design Systems, Inc.                 *           
  *                                                           *           
  *                    Generic 45nm PDK                       *           
  *                        (gpdk045)                          *           
  *                                                           *           
  *************************************************************           
	

	VERSION: 5.0 (22-Feb-2016)

done!
Loaded gpdk045/libInit.il successfully!
 
Loading IBM PDK cmrf7sf procedures... 
IBM PDK cmrf7sf Device Status Table loaded. 
 
*Error* eval: undefined function - hiGraphicMode
Loading IBM PDK cms9flp Procedures for Cadence Version "av4.1:Production:dfII6.1.7-64b:IC6.1.7-64b.78"
 
Loading IBM PDK cmhv7sf procedures for Cadence Version "av4.1:Production:dfII6.1.7-64b:IC6.1.7-64b.78"...
IBM PDK cmhv7sf procedures loaded (/mnt/software/cadence/installs/IBM_PDK/cmhv7sf/V1.3.1.0AM/cdslib/cmhv7sf/cmhv7sf610.att). 
 
IBM PDK cmhv7sf Device Status Table loaded. 
 
IBM PDK esd7hv device status table ("deviceStatTable.il") loaded. 
 
Defining layer name mapping
No mx check
Defining switch isOA depending on ic51 CDBA or ic61 OpenAccess DatabaseType
Loading IBM PDK cmrf8sf Procedures
Loading IBM A&MS soi12s0 SKILL procedures.
*WARNING* No library model for device "g45inda".
*WARNING* (DB-270211): dbOpenCellViewByType: Failed to open cellview (g45cmim ivpcell) from lib (gpdk045) in 'r' mode because cellview does not exist, or cellview type is not recognized by dbOpenCellViewByType.
*WARNING* No library model for device "g45cmim ivpcell gpdk045".
*WARNING* No library model for device "g45inds".
INFO (LBRCXU-114): Finished /mnt/software/cadence/installs/ASSURA-617/tools.lnx86/assura/bin/rcxToDfII

INFO (LBRCXM-642): Constructing the RCX run script

INFO (LBMISC-215205): 
*** Cadence Quantus Extraction Techgen -trans VERSION 18.2.0 Linux 64 bit - (Sun Sep 30 08:14:52 PDT 2018)  ***


INFO (CAPGEN-41199): 


Techgen -trans results will be written to directory: /mnt/home/AD/armin.ekic/virtuoso/MemArray_lvs/LVS_RUN_SenseAmp

INFO (CAPGEN-41737): Lvs layers Bondpad CapMetal Nburied SPK_T?479 SPRL_T?478 ind10 ind11 ind_ct nb_tap npn_emit ntap pnp_emit ptap pwell are not mapped in layer_setup file

WARNING (RCXSPIC-27104): p2lvsfile in tech directory does not have resistance 
 temperature coefficients (TC1, TC2). ?temperature is ignored 

rcxspice took  0.07 user, 0.06 sys, 2.00 elapsed, 6736.0 kbytes
Forking:  capgen -techdir /mnt/software/cadence/installs/GPDK045/gpdk045_v_5_0/qrc/typical -inc /mnt/home/AD/armin.ekic/virtuoso/MemArray_lvs/LVS_RUN_SenseAmp.elf -lvs /mnt/home/AD/armin.ekic/virtuoso/MemArray_lvs/LVS_RUN_SenseAmp.xcn -lvsvia -p2lvs /mnt/software/cadence/installs/GPDK045/gpdk045_v_5_0/qrc/typical/qrcTechFile -reseqn -p poly_conn,allGate,Oxide -canonical_res_caps -length_units meters -exclude_gate_res -cap_ground_layer psubstrate /mnt/home/AD/armin.ekic/virtuoso/MemArray_lvs/LVS_RUN_SenseAmp

Successfully created RCX script '/mnt/home/AD/armin.ekic/virtuoso/MemArray_lvs/LVS_RUN_SenseAmp/rcx.sh'
INFO (LBRCXM-581): Checked out '1' license(s) of QTS300 18.20

INFO (LBRCXM-608): Executing command
   /bin/ksh  /mnt/home/AD/armin.ekic/virtuoso/MemArray_lvs/LVS_RUN_SenseAmp/rcx.sh

##=======================================================
##ADD_EXPLICIT_VIAS=N
##ADD_BULK_TERMINAL=N
##AGDS_FILE=/dev/null
##AGDS_LAYER_MAP_FILE=/dev/null
##HCCI_DEV_PROP_FILE=/dev/null
##AGDS_SPICE_FILE=/dev/null
##AGDS_TEXT_LAYERS=
##ARRAY_VIAS_SPACING=
##ASSURA_RUN_DIR=/mnt/home/AD/armin.ekic/virtuoso/MemArray_lvs
##ASSURA_RUN_NAME=LVS_RUN_SenseAmp
##BLACK_BOX_CELLS=/dev/null
##BREAK_WIDTH=
##CAP_COUPLING_FACTOR=1.0
##CAP_EXTRACT_MODE=decoupled
##CAP_GROUND=gnd!
##CAP_MODELS=no
##DANGLINGR=N
##DENSITY_CHECK_METHOD=P
##DELETE_OUTPUT_FILE=N
##DEVICE_FINGER_DELIMITER='@'
##DF2=Y
##DRACULA_RUN_DIR=
##DRACULA_RUN_NAME=
##ENABLESENSITIVITYEXTRACTION=N
##EXCLUDE_FLOAT_LIMIT=
##EXCLUDE_FLOAT_DECOPULING_FACTOR=
##EXCLUDE_FLOATING_NETS=N
##EXCLUDE_NETS_REDUCERC=/dev/null
##EXCLUDE_SELF_CAPS=N
##IGNORE_GATE_DIFFUSION_FRINGING_CAP=Y
##EXTRACT=both
##EXTRACT_MOS_DIFFUSION_AP=N
##EXTRACT_MOS_DIFFUSION_HIGH=
##EXTRACT_MOS_DIFFUSION_RES=N
##FILTER_SIZE=2.0
##FIXED_NETS_FILE=/dev/null
##FMAX=
##FRACTURE_LENGTH_UNITS=MICRONS
##FREQUENCY_FILE=/dev/null
##GROUND_NETS=
##GROUND_NETS_FILE=/dev/null
##GROUND_SUBSTRATE_FLOATING_NETS=N
##HCCI_DEV_PROP=7
##HCCI_INST_PROP=6
##HCCI_NET_PROP=5
##HCCI_RULE_FILE=
##HCCI_RUN_DIR=
##HCCI_RUN_NAME=
##HEADER_FILE=/dev/null
##HIERARCHY_DELIMITER='/'
##OUTPUT_HIERARCHY_DELIMITER='/'
##HRCX_CELLS_FILE=/dev/null
##IMPORT_GLOBALS=Y
##LADDER_NETWORK=N
##LVS_SOURCE=assura
##M_FACTORR=infinite
##M_FACTORW=N
##MACRO_CELL=Y
##MAX_FRACTURE_LENGTH=infinite
##MAX_SIGNALS=
##MERGE_PARALLEL_R=N
##MERGE_PARALLEL_VIA=N
##MINC=
##MINC_BY_PERCENTAGE=
##MINR=0.001
##NET_NAME_SPACE=layout
##NETS_FILE=/dev/null
##OUTPUT=/mnt/home/AD/armin.ekic/virtuoso/MemArray_lvs/LVS_RUN_SenseAmp/extview.tmp
##OUTPUT_NET_NAME_SPACE=layout
##PARASITIC_BLOCKING_DEVICE_CELLS_TYPE=gray
##PARASITIC_CAP_MODELS=no
##PARASITIC_RES_MODELS=no
##PARASITIC_RES_LENGTH=N
##PARASITIC_RES_WIDTH=N
##PARASITIC_RES_WIDTH_DRAWN=N
##PARASITIC_RES_UNIT=N
##PARTIAL_CAP_BLOCKING=N
##PEEC=N
##PIN_ORDER_FILE=/dev/null
##PIPE_ADVGEN=
##PIPE_SPICE2DB=
##POWER_NETS=
##POWER_NETS_FILE=/dev/null
##RC_FREQUENCY=
##RCXDIR=/mnt/home/AD/armin.ekic/virtuoso/MemArray_lvs/LVS_RUN_SenseAmp
##RCXFS_HIGH=N
##RCXFS_NETS_FILE=/dev/null
##RCXFS_TYPE=none
##RCXFS_CUTOFF_DISTANCE=
##RCXFS_CUTOFF_DISTANCE=
##RCXFS_CUTOFF_DISTANCE=
##RCXFS_CUTOFF_DISTANCE=
##RCXFS_CUTOFF_DISTANCE=
##RCXFS_VIA_OFF=N
##REDUCERC=N
##REGION_LIMIT=
##RES_MODELS=no
##RISE_TIME=
##SAVE_FILL_SHAPES=N
##SINGLE_CAP_EDSPF=N
##SHOW_DIODES=N
##SKIN_FREQUENCY=
##SPEF=N
##SPEF_UNITS=
##SPLIT_PINS=N
##FORCE_SUBCELL_PIN_ORDERS=N
##SPLIT_PINS_DISTANCE=
##SUB_NODE_CHAR='#'
##SUBSTRATE_PROFILE=/dev/null
##SUBSTRATE_STAMPING_OFF=N
##TEMPDIR=/mnt/home/AD/armin.ekic/virtuoso/MemArray_lvs/LVS_RUN_SenseAmp/rcx_temp
##TEMPERATURE=25.0
##TYPE=full
##USER_REGION=/dev/null
##VARIANT_CELL_FILE=/dev/null
##VIA_EFFECT_OFF=N
##VIRTUAL_FILL=
##XREF=/dev/null,/dev/null
##XY_COORDINATES=c,r
##=======================================================

CASE_SENSITIVE=TRUE
export CASE_SENSITIVE
QRC_MOS_LW_PRECISION=y
export QRC_MOS_LW_PRECISION
TEMPDIR=`setTempDir /mnt/home/AD/armin.ekic/virtuoso/MemArray_lvs/LVS_RUN_SenseAmp/rcx_temp`
setTempDir /mnt/home/AD/armin.ekic/virtuoso/MemArray_lvs/LVS_RUN_SenseAmp/rcx_temp
export TEMPDIR
DEVICE_FINGER_DELIMITER='@'
HIERARCHY_DELIMITER='/'
OUTPUT_HIERARCHY_DELIMITER='/'
cd /mnt/home/AD/armin.ekic/virtuoso/MemArray_lvs/LVS_RUN_SenseAmp
cat <<ENDCAT> caps2dversion
* caps2d version: 10
ENDCAT
cat <<ENDCAT> flattransUnit.info
meters
ENDCAT
QRC=Y
export QRC
cat <<ENDCAT> topcellxcn.info
/mnt/home/AD/armin.ekic/virtuoso/MemArray_lvs/LVS_RUN_SenseAmp.xcn
ENDCAT

#==========================================================#
# Generate RCX input data from Assura LVS database
#==========================================================#

GOALIE2DIR=/mnt/software/cadence/installs/EXT182/tools.lnx86/extraction/bin
export GOALIE2DIR
vdbToRcx /mnt/home/AD/armin.ekic/virtuoso/MemArray_lvs LVS_RUN_SenseAmp -unit \
	meters -mFactorR -- -V1 -H satfile -r \
	/mnt/home/AD/armin.ekic/virtuoso/MemArray_lvs/LVS_RUN_SenseAmp.xcn \
	-df2 -xgl
@(#)$CDS: vdbToRcx_64 version av4.1:Production:dfII6.1.7-64b:IC6.1.7-64b.78 03/22/2016 21:55 (sjfnl623) $
15.1.3 Linux 64 bit - (Fri Nov 20 17:40:41 PST 2015)
Opening LVS data for LVS_RUN_SenseAmp in /mnt/home/AD/armin.ekic/virtuoso/MemArray_lvs
Open time is 0.0 sec.
Build pins/attributes took 0.0 sec.
Processing poly_conn_pintext                     3 shapes 0.0 sec.
Processing metal1_conn_pintext                   4 shapes 0.0 sec.
create satfile took  0.02 user, 0.01 sys, 0.00 elapsed, 221284.0 kbytes
write edge poly_conn_pintext took  0.00 user, 0.00 sys, 0.00 elapsed, 221284.0 kbytes
write edge metal1_conn_pintext took  0.00 user, 0.00 sys, 0.00 elapsed, 221284.0 kbytes
Building net map file.		0.0 sec.
create netmap file took 0.00 user, 0.00 sys, 0.00 elapsed, 221284.0 kbytes
create net file took 0.00 user, 0.00 sys, 0.00 elapsed, 221284.0 kbytes
WARNING (LBCLV-5663): No bipolar models provided. Can't create bipolar files

WARNING (LBCLV-5660): No resistor models provided. Can't create resistor files

WARNING (LBCLV-5654): No capacitor models provided. Can't create capacitor file

WARNING (LBCLV-5657): No diode models provided. Can't create diode files

WARNING (LBCLV-5706): no generic models in rule file

Device creation took 0.0 sec
Processing cont_ndiff                           16 shapes 0.0 sec.
write edge cont_ndiff took  0.00 user, 0.00 sys, 0.00 elapsed, 221948.0 kbytes
Processing cont_pdiff                           10 shapes 0.0 sec.
write edge cont_pdiff took  0.00 user, 0.00 sys, 0.00 elapsed, 222272.0 kbytes
Processing cont_poly                             2 shapes 0.0 sec.
write edge cont_poly took  0.00 user, 0.00 sys, 0.00 elapsed, 222464.0 kbytes
write edge _pmos1v_MOS_10 took  0.00 user, 0.00 sys, 0.00 elapsed, 222596.0 kbytes
write edge _nmos1v_MOS_2 took  0.00 user, 0.00 sys, 0.00 elapsed, 222860.0 kbytes
Processing _pmos1v_MOS_10                        3 shapes 0.0 sec.
Processing _nmos1v_MOS_2                         4 shapes 0.0 sec.
Processing pwell                                 1 shapes 0.0 sec.
write edge pwell took  0.00 user, 0.00 sys, 0.00 elapsed, 223052.0 kbytes
Processing ptap                                  1 shapes 0.0 sec.
write edge ptap took  0.00 user, 0.01 sys, 0.00 elapsed, 223184.0 kbytes
Processing ntap                                  1 shapes 0.0 sec.
write edge ntap took  0.00 user, 0.00 sys, 0.00 elapsed, 223448.0 kbytes
Processing ndiff_conn                            9 shapes 0.0 sec.
write edge ndiff_conn took  0.00 user, 0.00 sys, 0.00 elapsed, 223640.0 kbytes
Processing poly_conn                             5 shapes 0.0 sec.
write edge poly_conn took  0.00 user, 0.00 sys, 0.00 elapsed, 223908.0 kbytes
Processing pdiff_conn                            7 shapes 0.0 sec.
write edge pdiff_conn took  0.00 user, 0.00 sys, 1.00 elapsed, 224052.0 kbytes
Processing nwell_conn                            1 shapes 0.0 sec.
write edge nwell_conn took  0.00 user, 0.00 sys, 0.00 elapsed, 224316.0 kbytes
Processing metal1_conn                           6 shapes 0.0 sec.
write edge metal1_conn took  0.00 user, 0.00 sys, 0.00 elapsed, 224508.0 kbytes
sort edges took  0.02 user, 0.03 sys, 0.00 elapsed, 2056.0 kbytes
sort edges and labels took  0.08 user, 0.14 sys, 1.00 elapsed, 224508.0 kbytes

	vdbToRcx System Usage:
	Elapsed:     2 seconds.
	CPU:         0.0 seconds
	Memory      31 Meg
GOALIE2DIR=/mnt/software/cadence/installs/EXT182/tools.lnx86/extraction/bin/64bit/
export GOALIE2DIR

#==========================================================#
# Calculate erosion tables for specified process layers
#==========================================================#

densitymap -V -TC -O metal1_conn.den metal1_conn_tile_spec metal1_conn
densitymap took 0.00 user, 0.00 sys, 0.00 elapsed, 2152.0 kbytes
geom _nmos1v_MOS_2 ndiff_conn - _nmos1v_MOS_2,10,i,1
geom _pmos1v_MOS_10 pdiff_conn - _pmos1v_MOS_10,10,i,1

#==========================================================#
# Generate power list
#==========================================================#

cat global.net > power_list

#==========================================================#
# Ensure vias do not extend beyond routing
#==========================================================#

geom -V cont_poly metal1_conn poly_conn - cont_poly,111,i,2
geom took  0.00 user, 0.00 sys, 0.00 elapsed, 3060.0 kbytes
geom -V cont_pdiff metal1_conn pdiff_conn - cont_pdiff_metal1_conn_pdiff_conn,111,i,2
geom took  0.00 user, 0.00 sys, 0.00 elapsed, 3064.0 kbytes
geom -V cont_ndiff metal1_conn ndiff_conn - cont_ndiff_metal1_conn_ndiff_conn,111,i,2
geom took  0.00 user, 0.00 sys, 0.00 elapsed, 3060.0 kbytes
geom -V ptap pdiff_conn - ptap_pdiff_conn_ovia,11,i,1
geom took  0.00 user, 0.00 sys, 0.00 elapsed, 3060.0 kbytes
geom -V pwell ptap - pwell_ptap_ovia,11,i,1
geom took  0.00 user, 0.01 sys, 0.00 elapsed, 3064.0 kbytes
geom -V ntap ndiff_conn - ntap_ndiff_conn_ovia,11,i,1
geom took  0.00 user, 0.00 sys, 0.00 elapsed, 3064.0 kbytes
geom -V nwell_conn ntap - nwell_conn_ntap_ovia,11,i,1

geom took  0.00 user, 0.00 sys, 0.00 elapsed, 3064.0 kbytes
#==========================================================#
# Flatten net file, routing, via and device layers
#==========================================================#

SAVEDIR=`beginFlattenInputs`
beginFlattenInputs
export SAVEDIR
/bin/mv -f NET h_NET
flatnet -V -li -h '/' h_NET NET
flatnet took 0.00 user, 0.00 sys, 1.00 elapsed, 16636.0 kbytes
netprint -V -N1 power_list:power_list_nums NET
flattenTransistorData _nmos1v_MOS_2 meters
flattub took  0.00 user, 0.00 sys, 0.00 elapsed, 7640.0 kbytes
flatnet took 0.00 user, 0.01 sys, 0.00 elapsed, 16484.0 kbytes
flattenTransistorData _pmos1v_MOS_10 meters
flattub took  0.00 user, 0.00 sys, 0.00 elapsed, 7668.0 kbytes
flatnet took 0.00 user, 0.00 sys, 0.00 elapsed, 14896.0 kbytes
flattenLayers -m cont_pdiff cont_ndiff metal1_conn poly_conn ndiff_conn \
	pdiff_conn nwell_conn cont_poly cont_pdiff_metal1_conn_pdiff_conn \
	cont_ndiff_metal1_conn_ndiff_conn ptap_pdiff_conn_ovia ptap \
	pwell_ptap_ovia pwell ntap_ndiff_conn_ovia ntap nwell_conn_ntap_ovia
flattub took  0.00 user, 0.01 sys, 1.00 elapsed, 4976.0 kbytes
endFlattenInputs

#==========================================================#
# Initialize CAP_GROUND variable
#==========================================================#

CAP_GROUND=`findCapGround -g gnd! NET`
findCapGround -g gnd! NET
echo "CAP_GROUND=" ${CAP_GROUND}
CAP_GROUND= 2
export CAP_GROUND
reconnect -cgnd ${CAP_GROUND} -float floatlvsnetsfile -tf \
	_nmos1v_MOS_2,_pmos1v_MOS_10 -probe \
	metal1_conn_pintext:metal1_conn:metal1_conn_pintext_fvia,poly_conn_pintext:poly_conn:poly_conn_pintext_fvia
geom _nmos1v_MOS_2,_pmos1v_MOS_10 - qrcgate,1,i,1
iprint -imerge power_list_nums floatlvsnetsfile power_list_nums2
mv power_list_nums power_list_nums_orig
cp power_list_nums2 power_list_nums 

#==========================================================#
# Segregate interconnect into resistive and non-resistive
#==========================================================#

selectNetsByNumber power_list_nums metal1_conn p_rmetal1_conn np_rmetal1_conn
epick took  0.00 user, 0.00 sys, 0.00 elapsed, 1880.0 kbytes
selectNetsByNumber power_list_nums ndiff_conn p_rndiff_conn np_rndiff_conn
epick took  0.00 user, 0.00 sys, 0.00 elapsed, 1880.0 kbytes
selectNetsByNumber power_list_nums ntap p_rntap np_rntap
epick took  0.00 user, 0.00 sys, 0.00 elapsed, 1876.0 kbytes
selectNetsByNumber power_list_nums nwell_conn p_rnwell_conn np_rnwell_conn
epick took  0.00 user, 0.00 sys, 0.00 elapsed, 1876.0 kbytes
selectNetsByNumber power_list_nums pdiff_conn p_rpdiff_conn np_rpdiff_conn
epick took  0.00 user, 0.01 sys, 0.00 elapsed, 1880.0 kbytes
selectNetsByNumber power_list_nums poly_conn p_rpoly_conn np_rpoly_conn
epick took  0.00 user, 0.00 sys, 0.00 elapsed, 1876.0 kbytes
selectNetsByNumber power_list_nums ptap p_rptap np_rptap
epick took  0.00 user, 0.00 sys, 0.00 elapsed, 1880.0 kbytes
selectNetsByNumber power_list_nums pwell p_rpwell np_rpwell
epick took  0.00 user, 0.00 sys, 0.00 elapsed, 1876.0 kbytes
selectNetsByNumber power_list_nums cont_poly p_rcont_poly np_rcont_poly
epick took  0.00 user, 0.00 sys, 0.00 elapsed, 1876.0 kbytes
mv power_list_nums_orig power_list_nums

#==========================================================#
# Create resistor cut regions between resistive
# interconnect levels
#==========================================================#

mergevia -V -tech \
	/mnt/software/cadence/installs/GPDK045/gpdk045_v_5_0/qrc/typical -cnt \
	np_rcont_poly rcont_poly - np_rmetal1_conn np_rpoly_conn

mergevia took 0.00 user, 0.01 sys, 0.00 elapsed, 7404.0 kbytes
#==========================================================#
# Create resistive interconnect MOSFET terminals
#==========================================================#

createNRMosfetGateTerminal _nmos1v_MOS_2 np_rpoly_conn _nmos1v_MOS_2_mgvia
createNRMosfetGateTerminal _pmos1v_MOS_10 np_rpoly_conn _pmos1v_MOS_10_mgvia

#==========================================================#
# Assign net numbers to cut regions
#==========================================================#

connect -V -relocate NET np_rndiff_conn:np_rndiff_conn.conn \
	np_rpdiff_conn:np_rpdiff_conn.conn np_rntap:np_rntap.conn \
	np_rnwell_conn:np_rnwell_conn.conn np_rptap:np_rptap.conn \
	np_rpwell:np_rpwell.conn rcont_poly _nmos1v_MOS_2_mgvia \
	_pmos1v_MOS_10_mgvia - ntap_ndiff_conn_ovia,3,1 \
	nwell_conn_ntap_ovia,4,3 ptap_pdiff_conn_ovia,5,2 pwell_ptap_ovia,6,5 \
	-

connect took  0.00 user, 0.01 sys, 1.00 elapsed, 272036.0 kbytes
#==========================================================#
# Assign net numbers to resistor vias
#==========================================================#

geom -V cont_ndiff_metal1_conn_ndiff_conn np_rndiff_conn.conn - tmp_rcont_ndiff_metal1_conn_ndiff_conn,11,i,2
geom took  0.00 user, 0.00 sys, 0.00 elapsed, 2804.0 kbytes
mergevia -V -i -tech \
	/mnt/software/cadence/installs/GPDK045/gpdk045_v_5_0/qrc/typical -cnt \
	tmp_rcont_ndiff_metal1_conn_ndiff_conn \
	rcont_ndiff_metal1_conn_ndiff_conn - np_rmetal1_conn np_rndiff_conn
mergevia took 0.07 user, 0.13 sys, 1.00 elapsed, 7400.0 kbytes
/bin/rm -f tmp_rcont_ndiff_metal1_conn_ndiff_conn
geom -V cont_pdiff_metal1_conn_pdiff_conn np_rpdiff_conn.conn - tmp_rcont_pdiff_metal1_conn_pdiff_conn,11,i,2
geom took  0.00 user, 0.00 sys, 0.00 elapsed, 2800.0 kbytes
mergevia -V -i -tech \
	/mnt/software/cadence/installs/GPDK045/gpdk045_v_5_0/qrc/typical -cnt \
	tmp_rcont_pdiff_metal1_conn_pdiff_conn \
	rcont_pdiff_metal1_conn_pdiff_conn - np_rmetal1_conn np_rpdiff_conn
mergevia took 0.06 user, 0.12 sys, 0.00 elapsed, 7404.0 kbytes
/bin/rm -f tmp_rcont_pdiff_metal1_conn_pdiff_conn

#==========================================================#
# Assign net numbers to nonresistive layers
#==========================================================#

epick -V -reo -e rcont_ndiff_metal1_conn_ndiff_conn -e \
	rcont_pdiff_metal1_conn_pdiff_conn np_rndiff_conn.conn tmp_ndiff_conn
epick took  0.00 user, 0.00 sys, 0.00 elapsed, 1876.0 kbytes
epick -V -reo -e tmp_ndiff_conn -c np_rndiff_conn.conn tmp1_ndiff_conn
epick took  0.00 user, 0.00 sys, 0.00 elapsed, 1880.0 kbytes
geom -V tmp1_ndiff_conn np_rndiff_conn - tmp1_ndiff_conn,11,i,2
geom took  0.00 user, 0.00 sys, 0.00 elapsed, 2804.0 kbytes
geom -V tmp_ndiff_conn,tmp1_ndiff_conn - np_rndiff_conn,1,i,1
geom took  0.00 user, 0.00 sys, 0.00 elapsed, 2804.0 kbytes
/bin/rm -f tmp_ndiff_conn tmp1_ndiff_conn
epick -V -reo -e rcont_ndiff_metal1_conn_ndiff_conn -e \
	rcont_pdiff_metal1_conn_pdiff_conn np_rpdiff_conn.conn tmp_pdiff_conn
epick took  0.00 user, 0.00 sys, 0.00 elapsed, 1880.0 kbytes
epick -V -reo -e tmp_pdiff_conn -c np_rpdiff_conn.conn tmp1_pdiff_conn
epick took  0.00 user, 0.00 sys, 0.00 elapsed, 1880.0 kbytes
geom -V tmp1_pdiff_conn np_rpdiff_conn - tmp1_pdiff_conn,11,i,2
geom took  0.00 user, 0.00 sys, 0.00 elapsed, 2804.0 kbytes
geom -V tmp_pdiff_conn,tmp1_pdiff_conn - np_rpdiff_conn,1,i,1
geom took  0.00 user, 0.01 sys, 0.00 elapsed, 2800.0 kbytes
/bin/rm -f tmp_pdiff_conn tmp1_pdiff_conn
epick -V -reo -e rcont_ndiff_metal1_conn_ndiff_conn -e \
	rcont_pdiff_metal1_conn_pdiff_conn np_rnwell_conn.conn tmp_nwell_conn
epick took  0.00 user, 0.00 sys, 0.00 elapsed, 1880.0 kbytes
epick -V -reo -e tmp_nwell_conn -c np_rnwell_conn.conn tmp1_nwell_conn
epick took  0.00 user, 0.00 sys, 0.00 elapsed, 1876.0 kbytes
geom -V tmp1_nwell_conn np_rnwell_conn - tmp1_nwell_conn,11,i,2
geom took  0.00 user, 0.01 sys, 0.00 elapsed, 2804.0 kbytes
geom -V tmp_nwell_conn,tmp1_nwell_conn - np_rnwell_conn,1,i,1
geom took  0.00 user, 0.00 sys, 0.00 elapsed, 2804.0 kbytes
/bin/rm -f tmp_nwell_conn tmp1_nwell_conn
epick -V -reo -e rcont_ndiff_metal1_conn_ndiff_conn -e \
	rcont_pdiff_metal1_conn_pdiff_conn np_rpwell.conn tmp_pwell
epick took  0.00 user, 0.00 sys, 0.00 elapsed, 1880.0 kbytes
epick -V -reo -e tmp_pwell -c np_rpwell.conn tmp1_pwell
epick took  0.00 user, 0.00 sys, 0.00 elapsed, 1876.0 kbytes
geom -V tmp1_pwell np_rpwell - tmp1_pwell,11,i,2
geom took  0.00 user, 0.00 sys, 0.00 elapsed, 2800.0 kbytes
geom -V tmp_pwell,tmp1_pwell - np_rpwell,1,i,1
geom took  0.00 user, 0.00 sys, 0.00 elapsed, 2800.0 kbytes
/bin/rm -f tmp_pwell tmp1_pwell

#==========================================================#
# Process text layers
#==========================================================#

flatlabel -V  -tc -F -l flatlabel.info metal1_conn_pintext,poly_conn_pintext L1T0,L2T0
INFO (FLTLBL-89003): exec labsort -V L1T0

INFO (FLTLBL-89003): exec labsort -V L2T0

# 1 np_rpoly_conn
# 2 np_rmetal1_conn

#==========================================================#
# Parasitic R extraction with default precision
#==========================================================#

rex -V -m -pd -I'#' -tech \
	/mnt/software/cadence/installs/GPDK045/gpdk045_v_5_0/qrc/typical -map \
	p2elayermapfile -wee p2elayermapfile -N NET -e2 -Ply np_rpoly_conn \
	-er np_rmetal1_conn,metal1_conn.den -rP res.mod \
	np_rpoly_conn::poly_conn_cut::-0.003 \
	np_rmetal1_conn::metal1_conn_cut::s,w:0.06,0.06,0:0.06,0.08,0:0.06,0.09,0:0.06,0.13,0:0.06,0.16,0:0.06,0.19,0:0.06,0.26,0:0.06,0.38,0:0.06,0.5,0:0.06,0.63,0:0.06,0.83,0:0.06,1,0.01:0.06,1.5,0.01:0.06,3,0.01:0.06,4.05,0.01:0.08,0.06,0.01:0.08,0.08,0.01:0.08,0.09,0.01:0.08,0.13,0:0.08,0.16,0.01:0.08,0.19,0:0.08,0.26,0:0.08,0.38,0:0.08,0.5,0:0.08,0.63,0:0.08,0.83,0:0.08,1,0.01:0.08,1.5,0.01:0.08,3,0.01:0.08,4.05,0.01:0.09,0.06,0.01:0.09,0.08,0.01:0.09,0.09,0.01:0.09,0.13,0:0.09,0.16,0.01:0.09,0.19,0:0.09,0.26,0:0.09,0.38,0:0.09,0.5,0:0.09,0.63,0:0.09,0.83,0:0.09,1,0.01:0.09,1.5,0.01:0.09,3,0.01:0.09,4.05,0.01:0.13,0.06,0.01:0.13,0.08,0.01:0.13,0.09,0.01:0.13,0.13,0:0.13,0.16,0.01:0.13,0.19,0:0.13,0.26,0:0.13,0.38,0:0.13,0.5,0:0.13,0.63,0:0.13,0.83,0:0.13,1,0.01:0.13,1.5,0.01:0.13,3,0.01:0.13,4.05,0.01:0.16,0.06,0.01:0.16,0.08,0.01:0.16,0.09,0.01:0.16,0.13,0:0.16,0.16,0.01:0.16,0.19,0:0.16,0.26,0:0.16,0.38,0:0.16,0.5,0:0.16,0.63,0:0.16,0.83,0:0.16,1,0.01:0.16,1.5,0.01:0.16,3,0.01:0.16,4.05,0.01:0.19,0.06,0.02:0.19,0.08,0.01:0.19,0.09,0.01:0.19,0.13,0:0.19,0.16,0.01:0.19,0.19,0:0.19,0.26,0:0.19,0.38,0:0.19,0.5,0:0.19,0.63,0:0.19,0.83,0:0.19,1,0.01:0.19,1.5,0.01:0.19,3,0.01:0.19,4.05,0.01:0.26,0.06,0.02:0.26,0.08,0.01:0.26,0.09,0.01:0.26,0.13,0:0.26,0.16,0.01:0.26,0.19,0:0.26,0.26,0:0.26,0.38,0:0.26,0.5,0:0.26,0.63,0:0.26,0.83,0:0.26,1,0.01:0.26,1.5,0.01:0.26,3,0.01:0.26,4.05,0.01:0.38,0.06,0.02:0.38,0.08,0.01:0.38,0.09,0.01:0.38,0.13,0:0.38,0.16,0.01:0.38,0.19,0:0.38,0.26,0:0.38,0.38,0:0.38,0.5,0:0.38,0.63,0:0.38,0.83,0:0.38,1,0.01:0.38,1.5,0.01:0.38,3,0.01:0.38,4.05,0.01:0.63,0.06,0.02:0.63,0.08,0.01:0.63,0.09,0.01:0.63,0.13,0:0.63,0.16,0.01:0.63,0.19,0:0.63,0.26,0:0.63,0.38,0:0.63,0.5,0:0.63,0.63,0:0.63,0.83,0:0.63,1,0.01:0.63,1.5,0.01:0.63,3,0.01:0.63,4.05,0.01:0.83,0.06,0.02:0.83,0.08,0.01:0.83,0.09,0.01:0.83,0.13,0:0.83,0.16,0.01:0.83,0.19,0:0.83,0.26,0:0.83,0.38,0:0.83,0.5,0:0.83,0.63,0:0.83,0.83,0:0.83,1,0.01:0.83,1.5,0.01:0.83,3,0.01:0.83,4.05,0.01:1.5,0.06,0.02:1.5,0.08,0.01:1.5,0.09,0.01:1.5,0.13,0:1.5,0.16,0.01:1.5,0.19,0:1.5,0.26,0:1.5,0.38,0:1.5,0.5,0:1.5,0.63,0:1.5,0.83,0:1.5,1,0.01:1.5,1.5,0.01:1.5,3,0.01:1.5,4.05,0.01:3,0.06,0.02:3,0.08,0.01:3,0.09,0.01:3,0.13,0:3,0.16,0.01:3,0.19,0:3,0.26,0:3,0.38,0:3,0.5,0:3,0.63,0:3,0.83,0:3,1,0.01:3,1.5,0.01:3,3,0.01:3,4.05,0.01:5,0.06,0.02:5,0.08,0.01:5,0.09,0.01:5,0.13,0:5,0.16,0.01:5,0.19,0:5,0.26,0:5,0.38,0:5,0.5,0:5,0.63,0:5,0.83,0:5,1,0.01:5,1.5,0.01:5,3,0.01:5,4.05,0.01 \
	- rcont_ndiff_metal1_conn_ndiff_conn,2,t \
	rcont_pdiff_metal1_conn_pdiff_conn,2,t rcont_poly,1,2,t \
	_nmos1v_MOS_2_mgvia,1,z _pmos1v_MOS_10_mgvia,1,z - L1T0,2,I L2T0,1,I

rex took  0.02 user, 0.02 sys, 0.00 elapsed, 16008.0 kbytes
#==========================================================#
# Form resistive via layers
#==========================================================#

stamp -V -B -i np_rmetal1_conn np_rcont_poly
stamp took  0.08 user, 0.07 sys, 1.00 elapsed, 271236.0 kbytes
geom -V np_rcont_poly,p_rcont_poly - rcont_poly,1,i,1
geom took  0.00 user, 0.00 sys, 0.00 elapsed, 2804.0 kbytes
stamp -V -B -i np_rmetal1_conn cont_ndiff_metal1_conn_ndiff_conn
stamp took  0.06 user, 0.11 sys, 0.00 elapsed, 271236.0 kbytes
/bin/cp -f cont_ndiff_metal1_conn_ndiff_conn rcont_ndiff_metal1_conn_ndiff_conn
stamp -V -B -i np_rmetal1_conn cont_pdiff_metal1_conn_pdiff_conn
stamp took  0.11 user, 0.12 sys, 1.00 elapsed, 271236.0 kbytes
/bin/cp -f cont_pdiff_metal1_conn_pdiff_conn rcont_pdiff_metal1_conn_pdiff_conn

#==========================================================#
# Combine power non-power
#==========================================================#

/bin/rm -f ndiff_conn
geom np_rndiff_conn,p_rndiff_conn - ndiff_conn,1,i,1
/bin/rm -f nwell_conn
geom np_rnwell_conn,p_rnwell_conn - nwell_conn,1,i,1
/bin/rm -f pdiff_conn
geom np_rpdiff_conn,p_rpdiff_conn - pdiff_conn,1,i,1
/bin/rm -f poly_conn
geom np_rpoly_conn,p_rpoly_conn - poly_conn,1,i,1
/bin/rm -f pwell
geom np_rpwell,p_rpwell - pwell,1,i,1

#==========================================================#
# Reconnect MOSFET devices
#==========================================================#

reconnect -V -n NET -se2 mwires.res -mf -t \
	_nmos1v_MOS_2.trans:_nmos1v_MOS_2.transr _nmos1v_MOS_2 \
	ndiff_conn,_nmos1v_MOS_2_mgvia,pwell -t \
	_pmos1v_MOS_10.trans:_pmos1v_MOS_10.transr _pmos1v_MOS_10 \
	pdiff_conn,_pmos1v_MOS_10_mgvia,nwell_conn
reconnect took 0.07 user, 0.05 sys, 1.00 elapsed, 279140.0 kbytes
changeTransFileNameAP _nmos1v_MOS_2.trans _nmos1v_MOS_2.transr
changeTransFileNameAP _pmos1v_MOS_10.trans _pmos1v_MOS_10.transr

#==========================================================#
# Form capacitance layers for resistive process layers
#==========================================================#

geom -V -i p_rpoly_conn,np_rpoly_conn - so_poly_conn,1,n
geom took  0.00 user, 0.00 sys, 0.00 elapsed, 2704.0 kbytes
geom -V p_rpoly_conn,np_rpoly_conn - poly_conn,1,i,1
geom took  0.00 user, 0.00 sys, 0.00 elapsed, 2804.0 kbytes
geom -V -i p_rmetal1_conn,np_rmetal1_conn - so_metal1_conn,1,n
geom took  0.00 user, 0.00 sys, 0.00 elapsed, 2704.0 kbytes
geom -V p_rmetal1_conn,np_rmetal1_conn - metal1_conn,1,i,1

geom took  0.00 user, 0.00 sys, 0.00 elapsed, 2804.0 kbytes
#==========================================================#
# Form capacitance layers for non-resistive process layers
#==========================================================#

grow -V .001 ndiff_conn mask
grow took  0.00 user, 0.00 sys, 0.00 elapsed, 2036.0 kbytes
geom -V pdiff_conn mask - pdiff_conn,10,i,1
geom took  0.00 user, 0.00 sys, 0.00 elapsed, 2800.0 kbytes
geom -V ndiff_conn,pdiff_conn - Oxide,1,i,1
geom took  0.00 user, 0.00 sys, 0.00 elapsed, 2796.0 kbytes
createEmptyLayer metal11_conn
createEmptyLayer metal10_conn
createEmptyLayer metal9_conn
createEmptyLayer metal8_conn
createEmptyLayer metal7_conn
createEmptyLayer metal6_conn
createEmptyLayer metal5_conn
createEmptyLayer metal4_conn
createEmptyLayer metal3_conn
createEmptyLayer metal2_conn

#==========================================================#
# Form substrate
#==========================================================#

geom -V p_rnwell_conn,np_rnwell_conn - nwell_conn,1,i,1
geom took  0.00 user, 0.00 sys, 0.00 elapsed, 2804.0 kbytes
/bin/cp -f nwell_conn nwell_conn.df2
xytoebbox -V -g 46.802 -e metal11_conn,metal10_conn,metal9_conn,metal8_conn,metal7_conn,metal6_conn,metal5_conn,metal4_conn,metal3_conn,metal2_conn,metal1_conn,poly_conn,Oxide,nwell_conn xg_nwell_conn
grow -V 0.001 nwell_conn g_nwell_conn
grow took  0.00 user, 0.00 sys, 0.00 elapsed, 2040.0 kbytes
geom -V xg_nwell_conn g_nwell_conn - tmp_nwell_conn,10
geom took  0.00 user, 0.00 sys, 0.00 elapsed, 2804.0 kbytes
epick -V -reo -D ${CAP_GROUND} tmp_nwell_conn pick_nwell_conn
epick took  0.00 user, 0.00 sys, 0.00 elapsed, 1876.0 kbytes
grow -V -m 0.002 nwell_conn g_nwell_conn
grow took  0.00 user, 0.00 sys, 0.00 elapsed, 2036.0 kbytes
geom took  0.00 user, 0.00 sys, 0.00 elapsed, 2812.0 kbytes
stamp -i g_nwell_conn pick_nwell_conn
emerge -V pick_nwell_conn nwell_conn tmp1_nwell_conn
emerge took 0.00 user, 0.00 sys, 0.00 elapsed, 1848.0 kbytes
geom -V tmp1_nwell_conn - nwell_conn,1,i,1
geom took  0.00 user, 0.00 sys, 0.00 elapsed, 2804.0 kbytes
/bin/rm -f g_nwell_conn xg_nwell_conn tmp_nwell_conn tmp1_nwell_conn
geom -V nwell_conn - FOX,1,i,1
geom took  0.00 user, 0.00 sys, 0.00 elapsed, 2804.0 kbytes
geom -V FOX Oxide - FOX,10,i,1
geom took  0.00 user, 0.00 sys, 0.00 elapsed, 2800.0 kbytes
geom _nmos1v_MOS_2,_pmos1v_MOS_10 - qrcgate,1,i,1

#==========================================================#
# Create sip/sw3d/cn3d capacitance data files
#==========================================================#

cat <<ENDCAT> sip.cmd
sip -V -cgnd ${CAP_GROUND} -s -o -sub 2 -mlc poly_conn,metal1_conn -er \
	metal2_conn.den -n 0.94 -i 0,0.941 -b metal1_conn,poly_conn,Oxide,FOX \
	-t \
	metal3_conn,metal4_conn,metal5_conn,metal6_conn,metal7_conn,metal8_conn,metal9_conn,metal10_conn,metal11_conn \
	-j 0.06 -Maxw 1.41 -p metal2_conn,key 0,0.94 - metal2_conn.sip
sip -V -cgnd ${CAP_GROUND} -s -o -sub 2 -mlc metal1_conn,metal2_conn -er \
	metal3_conn.den -n 0.94 -i 0,0.941 -b \
	metal2_conn,metal1_conn,poly_conn,Oxide,FOX -t \
	metal4_conn,metal5_conn,metal6_conn,metal7_conn,metal8_conn,metal9_conn,metal10_conn,metal11_conn \
	-j 0.06 -Maxw 1.41 -p metal3_conn,key 0,0.94 - metal3_conn.sip
sip -V -cgnd ${CAP_GROUND} -s -o -sub 2 -mlc metal2_conn,metal3_conn -er \
	metal4_conn.den -n 0.94 -i 0,0.941 -b \
	metal3_conn,metal2_conn,metal1_conn,poly_conn,Oxide,FOX -t \
	metal5_conn,metal6_conn,metal7_conn,metal8_conn,metal9_conn,metal10_conn,metal11_conn \
	-j 0.06 -Maxw 1.41 -p metal4_conn,key 0,0.94 - metal4_conn.sip
sip -V -cgnd ${CAP_GROUND} -s -o -sub 2 -mlc metal3_conn,metal4_conn -er \
	metal5_conn.den -n 1.57 -i 0,1.571 -b \
	metal4_conn,metal3_conn,metal2_conn,metal1_conn,poly_conn,Oxide,FOX \
	-t \
	metal6_conn,metal7_conn,metal8_conn,metal9_conn,metal10_conn,metal11_conn \
	-j 0.06 -Maxw 1.41 -p metal5_conn,key 0,1.57 - metal5_conn.sip
sip -V -cgnd ${CAP_GROUND} -s -o -sub 2 -mlc metal4_conn,metal5_conn -er \
	metal6_conn.den -n 1.57 -i 0,1.571 -b \
	metal5_conn,metal4_conn,metal3_conn,metal2_conn,metal1_conn,poly_conn,Oxide,FOX \
	-t metal7_conn,metal8_conn,metal9_conn,metal10_conn,metal11_conn -j \
	0.06 -Maxw 1.41 -p metal6_conn,key 0,1.57 - metal6_conn.sip
sip -V -cgnd ${CAP_GROUND} -s -o -sub 2 -mlc metal5_conn,metal6_conn -er \
	metal7_conn.den -n 1.57 -i 0,1.571 -b \
	metal6_conn,metal5_conn,metal4_conn,metal3_conn,metal2_conn,metal1_conn,poly_conn,Oxide,FOX \
	-t metal8_conn,metal9_conn,metal10_conn,metal11_conn -j 0.06 -Maxw \
	1.41 -p metal7_conn,key 0,1.57 - metal7_conn.sip
sip -V -cgnd ${CAP_GROUND} -s -o -sub 2 -mlc metal6_conn,metal7_conn -er \
	metal8_conn.den -n 1.57 -i 0,1.571 -b \
	metal7_conn,metal6_conn,metal5_conn,metal4_conn,metal3_conn,metal2_conn,metal1_conn,poly_conn,Oxide,FOX \
	-t metal9_conn,metal10_conn,metal11_conn -j 0.06 -Maxw 1.41 -p \
	metal8_conn,key 0,1.57 - metal8_conn.sip
sip -V -cgnd ${CAP_GROUND} -s -o -sub 2 -mlc metal7_conn,metal8_conn -er \
	metal9_conn.den -n 5.4 -i 0,5.401 -b \
	metal8_conn,metal7_conn,metal6_conn,metal5_conn,metal4_conn,metal3_conn,metal2_conn,metal1_conn,poly_conn,Oxide,FOX \
	-t metal10_conn,metal11_conn -j 0.36 -Maxw 8.1 -p metal9_conn,key \
	0,5.4 - metal9_conn.sip
sip -V -cgnd ${CAP_GROUND} -s -o -sub 2 -mlc metal8_conn,metal9_conn -er \
	metal10_conn.den -n 5.4 -i 0,5.401 -b \
	metal9_conn,metal8_conn,metal7_conn,metal6_conn,metal5_conn,metal4_conn,metal3_conn,metal2_conn,metal1_conn,poly_conn,Oxide,FOX \
	-t metal11_conn -j 0.36 -Maxw 8.1 -p metal10_conn,key 0,5.4 - \
	metal10_conn.sip
sip -V -cgnd ${CAP_GROUND} -s -o -sub 2 -mlc metal9_conn,metal10_conn -n 23.4 \
	-i 0,23.401 -b \
	metal10_conn,metal9_conn,metal8_conn,metal7_conn,metal6_conn,metal5_conn,metal4_conn,metal3_conn,metal2_conn,metal1_conn,poly_conn,Oxide,FOX \
	-j 2.7 -Maxw 60.75 -p metal11_conn,key 0,23.4 - metal11_conn.sip
sip -V -cgnd ${CAP_GROUND} -s -o -sub 2 -cp poly_conn,allGate,Oxide -n 1.35 \
	-i 0,1.351 -b Oxide,FOX -t \
	metal1_conn,metal2_conn,metal3_conn,metal4_conn,metal5_conn,metal6_conn,metal7_conn,metal8_conn,metal9_conn,metal10_conn,metal11_conn \
	-j 0.04 -Maxw 2.025 -p poly_conn,key 0,1.35 - poly_conn.sip
sip -V -cgnd ${CAP_GROUND} -s -o -sub 2 -mlc poly_conn -er metal1_conn.den -n \
	0.94 -i 0,0.941 -b poly_conn,Oxide,FOX -t \
	metal2_conn,metal3_conn,metal4_conn,metal5_conn,metal6_conn,metal7_conn,metal8_conn,metal9_conn,metal10_conn,metal11_conn \
	-j 0.06 -Maxw 1.41 -p metal1_conn,key 0,0.94 - metal1_conn.sip
sip -V -s -cgnd ${CAP_GROUND} -sub 2 -L3A -h -b \
	metal9_conn,metal8_conn,metal7_conn,metal6_conn,metal5_conn,metal4_conn,metal3_conn,metal2_conn,metal1_conn,poly_conn,Oxide,FOX \
	-Maxw 60.75 -p metal10_conn,key,metal11_conn,key 0,23.4,0 - \
	metal10_conn_metal11_conn.sip
sip -V -s -cgnd ${CAP_GROUND} -sub 2 -L3A -h -R metal11_conn -b \
	metal8_conn,metal7_conn,metal6_conn,metal5_conn,metal4_conn,metal3_conn,metal2_conn,metal1_conn,poly_conn,Oxide,FOX \
	-Maxw 60.75 -p metal9_conn,key,metal11_conn,key 0,23.4,0 - \
	metal9_conn_metal11_conn.sip
sip -V -s -cgnd ${CAP_GROUND} -sub 2 -h -b \
	metal8_conn,metal7_conn,metal6_conn,metal5_conn,metal4_conn,metal3_conn,metal2_conn,metal1_conn,poly_conn,Oxide,FOX \
	-t metal11_conn -Maxw 8.1 -p metal9_conn,key,metal10_conn,key 0,5.4,0 \
	- metal9_conn_metal10_conn.sip
sip -V -s -cgnd ${CAP_GROUND} -sub 2 -L3A -h -R metal10_conn -b \
	metal7_conn,metal6_conn,metal5_conn,metal4_conn,metal3_conn,metal2_conn,metal1_conn,poly_conn,Oxide,FOX \
	-t metal11_conn -Maxw 8.1 -p metal8_conn,key,metal10_conn,key 0,5.4,0 \
	- metal8_conn_metal10_conn.sip
sip -V -s -cgnd ${CAP_GROUND} -sub 2 -h -b \
	metal7_conn,metal6_conn,metal5_conn,metal4_conn,metal3_conn,metal2_conn,metal1_conn,poly_conn,Oxide,FOX \
	-t metal10_conn,metal11_conn -Maxw 8.1 -p \
	metal8_conn,key,metal9_conn,key 0,5.4,0 - metal8_conn_metal9_conn.sip
sip -V -s -cgnd ${CAP_GROUND} -sub 2 -L3A -h -R metal9_conn -b \
	metal6_conn,metal5_conn,metal4_conn,metal3_conn,metal2_conn,metal1_conn,poly_conn,Oxide,FOX \
	-t metal10_conn,metal11_conn -Maxw 8.1 -p \
	metal7_conn,key,metal9_conn,key 0,5.4,0 - metal7_conn_metal9_conn.sip
sip -V -s -cgnd ${CAP_GROUND} -sub 2 -h -b \
	metal6_conn,metal5_conn,metal4_conn,metal3_conn,metal2_conn,metal1_conn,poly_conn,Oxide,FOX \
	-t metal9_conn,metal10_conn,metal11_conn -Maxw 1.41 -p \
	metal7_conn,key,metal8_conn,key 0,1.57,0 - \
	metal7_conn_metal8_conn.sip
sip -V -s -cgnd ${CAP_GROUND} -sub 2 -L3A -h -R metal8_conn -b \
	metal5_conn,metal4_conn,metal3_conn,metal2_conn,metal1_conn,poly_conn,Oxide,FOX \
	-t metal9_conn,metal10_conn,metal11_conn -Maxw 1.41 -p \
	metal6_conn,key,metal8_conn,key 0,1.57,0 - \
	metal6_conn_metal8_conn.sip
sip -V -s -cgnd ${CAP_GROUND} -sub 2 -h -b \
	metal5_conn,metal4_conn,metal3_conn,metal2_conn,metal1_conn,poly_conn,Oxide,FOX \
	-t metal8_conn,metal9_conn,metal10_conn,metal11_conn -Maxw 1.41 -p \
	metal6_conn,key,metal7_conn,key 0,1.57,0 - \
	metal6_conn_metal7_conn.sip
sip -V -s -cgnd ${CAP_GROUND} -sub 2 -L3A -h -R metal7_conn -b \
	metal4_conn,metal3_conn,metal2_conn,metal1_conn,poly_conn,Oxide,FOX \
	-t metal8_conn,metal9_conn,metal10_conn,metal11_conn -Maxw 1.41 -p \
	metal5_conn,key,metal7_conn,key 0,1.57,0 - \
	metal5_conn_metal7_conn.sip
sip -V -s -cgnd ${CAP_GROUND} -sub 2 -h -b \
	metal4_conn,metal3_conn,metal2_conn,metal1_conn,poly_conn,Oxide,FOX \
	-t metal7_conn,metal8_conn,metal9_conn,metal10_conn,metal11_conn \
	-Maxw 1.41 -p metal5_conn,key,metal6_conn,key 0,1.57,0 - \
	metal5_conn_metal6_conn.sip
sip -V -s -cgnd ${CAP_GROUND} -sub 2 -L3A -h -R metal6_conn -b \
	metal3_conn,metal2_conn,metal1_conn,poly_conn,Oxide,FOX -t \
	metal7_conn,metal8_conn,metal9_conn,metal10_conn,metal11_conn -Maxw \
	1.41 -p metal4_conn,key,metal6_conn,key 0,1.57,0 - \
	metal4_conn_metal6_conn.sip
sip -V -s -cgnd ${CAP_GROUND} -sub 2 -h -b \
	metal3_conn,metal2_conn,metal1_conn,poly_conn,Oxide,FOX -t \
	metal6_conn,metal7_conn,metal8_conn,metal9_conn,metal10_conn,metal11_conn \
	-Maxw 1.41 -p metal4_conn,key,metal5_conn,key 0,1.57,0 - \
	metal4_conn_metal5_conn.sip
sip -V -s -cgnd ${CAP_GROUND} -sub 2 -L3A -h -R metal5_conn -b \
	metal2_conn,metal1_conn,poly_conn,Oxide,FOX -t \
	metal6_conn,metal7_conn,metal8_conn,metal9_conn,metal10_conn,metal11_conn \
	-Maxw 1.41 -p metal3_conn,key,metal5_conn,key 0,1.57,0 - \
	metal3_conn_metal5_conn.sip
sip -V -s -cgnd ${CAP_GROUND} -sub 2 -h -b \
	metal2_conn,metal1_conn,poly_conn,Oxide,FOX -t \
	metal5_conn,metal6_conn,metal7_conn,metal8_conn,metal9_conn,metal10_conn,metal11_conn \
	-Maxw 1.41 -p metal3_conn,key,metal4_conn,key 0,0.94,0 - \
	metal3_conn_metal4_conn.sip
sip -V -s -cgnd ${CAP_GROUND} -sub 2 -L3A -h -R metal4_conn -b \
	metal1_conn,poly_conn,Oxide,FOX -t \
	metal5_conn,metal6_conn,metal7_conn,metal8_conn,metal9_conn,metal10_conn,metal11_conn \
	-Maxw 1.41 -p metal2_conn,key,metal4_conn,key 0,0.94,0 - \
	metal2_conn_metal4_conn.sip
sip -V -s -cgnd ${CAP_GROUND} -sub 2 -h -b metal1_conn,poly_conn,Oxide,FOX -t \
	metal4_conn,metal5_conn,metal6_conn,metal7_conn,metal8_conn,metal9_conn,metal10_conn,metal11_conn \
	-Maxw 1.41 -p metal2_conn,key,metal3_conn,key 0,0.94,0 - \
	metal2_conn_metal3_conn.sip
sip -V -s -cgnd ${CAP_GROUND} -sub 2 -L3A -h -R metal3_conn -b \
	poly_conn,Oxide,FOX -t \
	metal4_conn,metal5_conn,metal6_conn,metal7_conn,metal8_conn,metal9_conn,metal10_conn,metal11_conn \
	-Maxw 1.41 -p metal1_conn:metal1_conn_cut,key,metal3_conn,key \
	0,0.94,0 - metal1_conn_metal3_conn.sip
sip -V -s -cgnd ${CAP_GROUND} -sub 2 -h -b poly_conn,Oxide,FOX -t \
	metal3_conn,metal4_conn,metal5_conn,metal6_conn,metal7_conn,metal8_conn,metal9_conn,metal10_conn,metal11_conn \
	-Maxw 1.41 -p metal1_conn:metal1_conn_cut,key,metal2_conn,key \
	0,0.94,0 - metal1_conn_metal2_conn.sip
sip -V -s -cgnd ${CAP_GROUND} -sub 2 -L3A -h -R metal2_conn -b Oxide,FOX -t \
	metal3_conn,metal4_conn,metal5_conn,metal6_conn,metal7_conn,metal8_conn,metal9_conn,metal10_conn,metal11_conn \
	-k metal1_conn:0.15 -Maxw 2.025 -p \
	poly_conn:poly_conn_cut,key,metal2_conn,key 0,1.35,0 - \
	poly_conn_metal2_conn.sip
sip -V -s -cgnd ${CAP_GROUND} -sub 2 -h -R metal1_conn,poly_conn -b Oxide,FOX \
	-t \
	metal2_conn,metal3_conn,metal4_conn,metal5_conn,metal6_conn,metal7_conn,metal8_conn,metal9_conn,metal10_conn,metal11_conn \
	-Maxw 2.025 -p \
	poly_conn:poly_conn_cut,key,metal1_conn:metal1_conn_cut,key 0,1.35,0 \
	- poly_conn_metal1_conn.sip
ENDCAT

#==========================================================#
# Prepare gate capacitance blocking layers
#==========================================================#

emerge -V _nmos1v_MOS_2 _pmos1v_MOS_10 allGate

emerge took 0.00 user, 0.00 sys, 0.00 elapsed, 1848.0 kbytes
#==========================================================#
# Run pax16 to generate capfile
#==========================================================#

pax16 -V -lee_off -gnd ${CAP_GROUND} -ignore_cf_table -scf sip.cmd -cgnd \
	${CAP_GROUND},1.0 -rP \
	np_rmetal1_conn.res,np_rpoly_conn.res,mwires.res -M_perim_off -c \
	/mnt/software/cadence/installs/GPDK045/gpdk045_v_5_0/qrc/typical/qrcTechFile \
	-f FOX Oxide poly_conn:poly_conn_cut metal1_conn:metal1_conn_cut \
	metal2_conn metal3_conn metal4_conn metal5_conn metal6_conn \
	metal7_conn metal8_conn metal9_conn metal10_conn metal11_conn allGate \
	- \
	/mnt/software/cadence/installs/GPDK045/gpdk045_v_5_0/qrc/typical/qrcTechFile \
	- - NET - capfile

pax16_rdpaxcmd took  0.14 user, 0.05 sys, 3.00 elapsed, 51056.0 kbytes
pax16 took  0.02 user, 0.15 sys, 4.00 elapsed, 74600.0 kbytes
#==========================================================#
# Generate netlister data files
#==========================================================#


#==========================================================#
# Perform RC reduction
#==========================================================#

xreduce -V -mergecap -n NET -tech \
	/mnt/software/cadence/installs/GPDK045/gpdk045_v_5_0/qrc/typical -d1 \
	-e \
	metal11_conn,metal10_conn,metal9_conn,metal8_conn,metal7_conn,metal6_conn,metal5_conn,metal4_conn,metal3_conn,metal2_conn,metal1_conn,poly_conn,Oxide,FOX,np_rndiff_conn,np_rpdiff_conn,np_rnwell_conn,rcont_poly \
	-mfactorR infinite -decoupled -sr -danglingR -minR 0.001 -rP \
	np_rmetal1_conn.res,np_rpoly_conn.res,mwires.res -cap capfile L1T0 \
	L2T0 _nmos1v_MOS_2.transr _pmos1v_MOS_10.transr

INFO (XREDUCE-199097): mFactorR set to infinite

INFO (XREDUCE-199128): mfactorR option to keep resistors is disabled

INFO (XREDUCE-199107): Total number of resistors is 31

INFO (XREDUCE-199109): minR option removed 0 resistors (0%)

INFO (XREDUCE-199054): Total number of capacitors in capfile is 39

INFO (XREDUCE-199052): mergecap required for 0 (0%) of 42 nets

INFO (XREDUCE-199113): danglingR option removed 0 resistors

INFO (XREDUCE-199114): mfactorR option merged 0 groups of parallel transistors

INFO (XREDUCE-199107): Total number of resistors is 31

INFO (XREDUCE-199108): d1 option renamed 2 nets

INFO (XREDUCE-199054): Total number of capacitors in capfile is 38

xreduce took 0.09 user, 0.27 sys, 2.00 elapsed, 7936.0 kbytes
#==========================================================#
# Generate HSPICE file
#==========================================================#

advgen -V -g0 -li -f -n -o HSPICE -TL L1T0,L2T0 -cgnd ${CAP_GROUND},1.0 -sc \
	caps2dversion -mx capfile \
	metal11_conn,metal10_conn,metal9_conn,metal8_conn,metal7_conn,metal6_conn,metal5_conn,metal4_conn,metal3_conn,metal2_conn,metal1_conn,poly_conn,Oxide,FOX \
	-rP res.mod np_rmetal1_conn.res,Rnp_rmetal1_conn.dev2 \
	np_rpoly_conn.res,Rnp_rpoly_conn.dev2 -rP mwires.mod \
	mwires.res,mwires.dev2 -ta lvsmos.mod,_nmos1v_MOS_2.net \
	_nmos1v_MOS_2.transr -ta lvsmos.mod,_pmos1v_MOS_10.net \
	_pmos1v_MOS_10.transr - NET - \
	/mnt/home/AD/armin.ekic/virtuoso/MemArray_lvs/LVS_RUN_SenseAmp/extview.tmp

process netfile took 0.00 user, 0.00 sys, 0.00 elapsed, 7940.0 kbytes
advgen took:  0.19 user, 0.87 sys, 2.00 elapsed, 8272.0 kbytes
#==========================================================#
# Create _save_layers file for Assura extracted view
#==========================================================#

geom metal1_conn np_rmetal1_conn - np_rmetal1_conn,11,i,1
geom poly_conn np_rpoly_conn - np_rpoly_conn,11,i,1
stamp -i2 np_rmetal1_conn rcont_poly np_rcont_poly
ereduce  rcont_ndiff_metal1_conn_ndiff_conn rcont_ndiff_metal1_conn_ndiff_conn.reduce
stamp -i  np_rmetal1_conn rcont_ndiff_metal1_conn_ndiff_conn.reduce
stamp -i  rcont_ndiff_metal1_conn_ndiff_conn.reduce rcont_ndiff_metal1_conn_ndiff_conn
stamp -i  rcont_ndiff_metal1_conn_ndiff_conn cont_ndiff_metal1_conn_ndiff_conn
/bin/rm -f rcont_ndiff_metal1_conn_ndiff_conn.reduce
ereduce  rcont_pdiff_metal1_conn_pdiff_conn rcont_pdiff_metal1_conn_pdiff_conn.reduce
stamp -i  np_rmetal1_conn rcont_pdiff_metal1_conn_pdiff_conn.reduce
stamp -i  rcont_pdiff_metal1_conn_pdiff_conn.reduce rcont_pdiff_metal1_conn_pdiff_conn
stamp -i  rcont_pdiff_metal1_conn_pdiff_conn cont_pdiff_metal1_conn_pdiff_conn
/bin/rm -f rcont_pdiff_metal1_conn_pdiff_conn.reduce
cat <<ENDCAT> _save_layers
FOX nwell_conn
metal2_conn metal2_conn
metal3_conn metal3_conn
metal4_conn metal4_conn
metal5_conn metal5_conn
metal6_conn metal6_conn
metal7_conn metal7_conn
metal8_conn metal8_conn
metal9_conn metal9_conn
metal10_conn metal10_conn
metal11_conn metal11_conn
Oxide np_rpdiff_conn p_rpdiff_conn np_rndiff_conn p_rndiff_conn
cont_pdiff cont_pdiff_metal1_conn_pdiff_conn
cont_ndiff cont_ndiff_metal1_conn_ndiff_conn
metal1_conn np_rmetal1_conn p_rmetal1_conn
poly_conn np_rpoly_conn p_rpoly_conn
ndiff_conn np_rndiff_conn p_rndiff_conn
pdiff_conn np_rpdiff_conn p_rpdiff_conn
nwell_conn nwell_conn
cont_poly np_rcont_poly p_rcont_poly
ptap_pdiff_conn_ovia ptap_pdiff_conn_ovia
ptap np_rptap p_rptap
pwell_ptap_ovia pwell_ptap_ovia
pwell np_rpwell p_rpwell
ntap_ndiff_conn_ovia ntap_ndiff_conn_ovia
ntap np_rntap p_rntap
nwell_conn_ntap_ovia nwell_conn_ntap_ovia
ENDCAT
INFO (LBRCXM-610): Extraction finished.

INFO (LBRCXU-108): Starting

 /mnt/software/cadence/installs/ASSURA-617/tools.lnx86/assura/bin/rcxToDfII /mnt/home/AD/armin.ekic/virtuoso/MemArray_lvs/LVS_RUN_SenseAmp/__qrc.rcx_cmd -f /mnt/home/AD/armin.ekic/virtuoso/MemArray_lvs/LVS_RUN_SenseAmp/extview.tmp -w /mnt/home/AD/armin.ekic/virtuoso/MemArray_lvs/LVS_RUN_SenseAmp
Virtuoso Framework License (111) was checked out successfully. Total checkout time was 0.02s.
@(#)$CDS: rcxToDfII_64 version av4.1:Production:dfII6.1.7-64b:IC6.1.7-64b.78 03/22/2016 21:54 (sjfnl623) $
sub-version 4.1_USR5_HF2, integ signature 2016-03-22-2131

run on ece121207504l from /mnt/software/cadence/installs/ASSURA-617/tools.lnx86/assura/bin/64bit/rcxToDfII on Sun Apr 25 13:34:19 2021


Loading tech rule set file : /mnt/software/cadence/installs/GPDK045/gpdk045_v_5_0/assura/techRuleSets
Loading gpdk045/libInit.il ...
	Loading gpdk045/loadCxt.ile ... done!
	Loading context 'gpdk045' from library 'gpdk045' ... done!
	Loading context 'pdkUtils' from library 'gpdk045' ... done!
	Loading gpdk045/gpdk045_customFilter.il ... done!
	Loading gpdk045/libInitCustomExit.il ... 
	Loading Environment Settings ...
	Loading gpdk045/gpdk045_PDKRegistrations.il ... done!

  *************************************************************           
  *              Cadence Design Systems, Inc.                 *           
  *                                                           *           
  *                    Generic 45nm PDK                       *           
  *                        (gpdk045)                          *           
  *                                                           *           
  *************************************************************           
	

	VERSION: 5.0 (22-Feb-2016)

done!
Loaded gpdk045/libInit.il successfully!
 
Loading IBM PDK cmrf7sf procedures... 
IBM PDK cmrf7sf Device Status Table loaded. 
 
*Error* eval: undefined function - hiGraphicMode
Loading IBM PDK cms9flp Procedures for Cadence Version "av4.1:Production:dfII6.1.7-64b:IC6.1.7-64b.78"
 
Loading IBM PDK cmhv7sf procedures for Cadence Version "av4.1:Production:dfII6.1.7-64b:IC6.1.7-64b.78"...
IBM PDK cmhv7sf procedures loaded (/mnt/software/cadence/installs/IBM_PDK/cmhv7sf/V1.3.1.0AM/cdslib/cmhv7sf/cmhv7sf610.att). 
 
IBM PDK cmhv7sf Device Status Table loaded. 
 
IBM PDK esd7hv device status table ("deviceStatTable.il") loaded. 
 
Defining layer name mapping
No mx check
Defining switch isOA depending on ic51 CDBA or ic61 OpenAccess DatabaseType
Loading IBM PDK cmrf8sf Procedures
Loading IBM A&MS soi12s0 SKILL procedures.
*WARNING* No library model for device "g45inda".
*WARNING* (DB-270211): dbOpenCellViewByType: Failed to open cellview (g45cmim ivpcell) from lib (gpdk045) in 'r' mode because cellview does not exist, or cellview type is not recognized by dbOpenCellViewByType.
*WARNING* No library model for device "g45cmim ivpcell gpdk045".
*WARNING* No library model for device "g45inds".

Creating extracted view for MemArray SenseAmplifier layout

Schematic cell -  SenseAmplifier schematic MemArray
*WARNING* (DB-270368): dbCreateNet: Net with name 'gnd!' already exists
*WARNING* (DB-270357): dbCreateTerm: invalid net specified
*WARNING* (DB-270000): dbSetPinFigName: Invalid pin figure; figure not attached to a pin.
*WARNING* (DB-270368): dbCreateNet: Net with name 'vdd!' already exists
*WARNING* (DB-270357): dbCreateTerm: invalid net specified
*WARNING* (DB-270000): dbSetPinFigName: Invalid pin figure; figure not attached to a pin.
Copying layer pnp_emit
Layer pnp_emit has 0 shapes.
Copying layer ind10
Layer ind10 has 0 shapes.
Copying layer ind_ct
Layer ind_ct has 0 shapes.
Copying layer ind11
Layer ind11 has 0 shapes.
Copying layer Nburied
Layer Nburied has 0 shapes.
Copying layer npn_emit
Layer npn_emit has 0 shapes.
Copying layer poly_conn
Layer poly_conn has 14 shapes.
Copying layer CapMetal
Layer CapMetal has 0 shapes.
Copying layer nwell_conn
Layer nwell_conn has 2 shapes.
Copying layer ndiff_conn
Layer ndiff_conn has 9 shapes.
Copying layer pdiff_conn
Layer pdiff_conn has 7 shapes.
Copying layer metal1_conn
Layer metal1_conn has 27 shapes.
Copying layer metal2_conn
Layer metal2_conn has 0 shapes.
Copying layer metal3_conn
Layer metal3_conn has 0 shapes.
Copying layer metal4_conn
Layer metal4_conn has 0 shapes.
Copying layer metal5_conn
Layer metal5_conn has 0 shapes.
Copying layer metal6_conn
Layer metal6_conn has 0 shapes.
Copying layer metal7_conn
Layer metal7_conn has 0 shapes.
Copying layer metal8_conn
Layer metal8_conn has 0 shapes.
Copying layer metal9_conn
Layer metal9_conn has 0 shapes.
Copying layer metal10_conn
Layer metal10_conn has 0 shapes.
Copying layer metal11_conn
Layer metal11_conn has 0 shapes.
Copying layer Bondpad
Layer Bondpad has 0 shapes.
Loading techComp.cxt 


Summary for MemArray/SenseAmplifier/av_extracted

instance count totals:

    lib              cell             view                    total
    analogLib        pcapacitor       symbol                     36
    analogLib        presistor        symbol                     31
    gpdk045          nmos1v           ivpcell                     4
    gpdk045          pmos1v           ivpcell                     3

extracted view creation completed
cpu: 0.15  elap: 3  pf: 8  in: 4856  out: 168  virt: 406M  phys: 796M
INFO (LBRCXU-114): Finished /mnt/software/cadence/installs/ASSURA-617/tools.lnx86/assura/bin/rcxToDfII

INFO (LBRCXM-582): Checking in license of QTS300 18.20

INFO (LBRCXM-702): Run ended: Sun Apr 25 13:34:22 2021


INFO (LBRCXM-805): Run took: 54s elapsed

INFO (LBRCXM-708): *****  Quantus terminated normally  *****


